
Showing logs for build [32mcb-kubecd-environment-pr-162-16-x9vtv-1[0m stage [32mfrom-build-pack[0m and container [32mstep-credential-initializer-v55zl[0m
{"level":"warn","ts":1582015960.2561612,"logger":"fallback-logger","caller":"logging/config.go:69","msg":"Fetch GitHub commit ID from kodata failed: \"ref: refs/heads/0.8.0-**-support-backwards-incompats\" is not a valid GitHub commit ID"}
{"level":"info","ts":1582015960.2570622,"logger":"fallback-logger","caller":"creds-init/main.go:40","msg":"Credentials initialized."}

Showing logs for build [32mcb-kubecd-environment-pr-162-16-x9vtv-1[0m stage [32mfrom-build-pack[0m and container [32mstep-working-dir-initializer-drbvk[0m
{"level":"warn","ts":1582015961.6717045,"logger":"fallback-logger","caller":"logging/config.go:69","msg":"Fetch GitHub commit ID from kodata failed: open /var/run/ko/HEAD: no such file or directory"}
{"level":"info","ts":1582015961.6739154,"logger":"fallback-logger","caller":"bash/main.go:64","msg":"Successfully executed command \"sh -c mkdir -p /workspace/source\"; output "}

Showing logs for build [32mcb-kubecd-environment-pr-162-16-x9vtv-1[0m stage [32mfrom-build-pack[0m and container [32mstep-place-tools[0m

Showing logs for build [32mcb-kubecd-environment-pr-162-16-x9vtv-1[0m stage [32mfrom-build-pack[0m and container [32mstep-git-source-cb-kubecd-environment-pr-162-16-x9vtv-hxfnc[0m
{"level":"warn","ts":1582015965.7518454,"logger":"fallback-logger","caller":"logging/config.go:69","msg":"Fetch GitHub commit ID from kodata failed: \"ref: refs/heads/0.8.0-**-support-backwards-incompats\" is not a valid GitHub commit ID"}
{"level":"info","ts":1582015966.8871539,"logger":"fallback-logger","caller":"git/git.go:103","msg":"Successfully cloned https://github.com/cb-kubecd/environment-pr-162-16-gke-upgrade-staging.git @ master in path /workspace/source"}

Showing logs for build [32mcb-kubecd-environment-pr-162-16-x9vtv-1[0m stage [32mfrom-build-pack[0m and container [32mstep-git-merge[0m
Using SHAs from PULL_REFS=master:d4aee8bb2d4334418d6621cccfa6679259f535ef,1:dd978edaab125e336b57f0272f133eb1a83bc56e
DEBUG: LC_ALL=C JX_LOG_LEVEL=error git fetch origin --unshallow dd978edaab125e336b57f0272f133eb1a83bc56e: d4aee8bb2d4334418d6621cccfa6679259f535ef:
DEBUG: ran git fetch --unshallow origin dd978edaab125e336b57f0272f133eb1a83bc56e: d4aee8bb2d4334418d6621cccfa6679259f535ef: in 
DEBUG: LC_ALL=C JX_LOG_LEVEL=error git branch
DEBUG: JX_LOG_LEVEL=error LC_ALL=C git checkout master
DEBUG: ran git checkout master in 
DEBUG: LC_ALL=C JX_LOG_LEVEL=error git reset --hard d4aee8bb2d4334418d6621cccfa6679259f535ef
DEBUG: ran git reset --hard d4aee8bb2d4334418d6621cccfa6679259f535ef in 
DEBUG: LC_ALL=C JX_LOG_LEVEL=error git clean -fd .
DEBUG: ran clean --force -d . in 
DEBUG: JX_LOG_LEVEL=error LC_ALL=C git merge dd978edaab125e336b57f0272f133eb1a83bc56e
DEBUG: ran git merge dd978edaab125e336b57f0272f133eb1a83bc56e in 
DEBUG: LC_ALL=C JX_LOG_LEVEL=error git log --format=%H%x1f%an%x1f%ae%x1f%cn%x1f%ce%x1f%s%n%b%x1e d4aee8bb2d4334418d6621cccfa6679259f535ef..HEAD
Merged SHA dd978edaab125e336b57f0272f133eb1a83bc56e with commit message 'chore: Promote bdd-spring-1582015467 to version 0.0.1' into base branch master

Showing logs for build [32mcb-kubecd-environment-pr-162-16-x9vtv-1[0m stage [32mfrom-build-pack[0m and container [32mstep-build-helm-build[0m
WARNING: No $CHART_REPOSITORY defined so using the default value of: http://jenkins-x-chartmuseum:8080
Adding missing Helm repo: storage.googleapis.com https://storage.googleapis.com/chartmuseum.jenkins-x.io
WARNING: No secrets found on "helm/repos" due: reading the secret "helm/repos" from vault: no secret "helm/repos" not found in vault
Read credentials for https://storage.googleapis.com/chartmuseum.jenkins-x.io from vault helm/repos
Successfully added Helm repository storage.googleapis.com.
Adding missing Helm repo: jenkins-x-chartmuseum http://jenkins-x-chartmuseum:8080
WARNING: No secrets found on "helm/repos" due: reading the secret "helm/repos" from vault: no secret "helm/repos" not found in vault
Read credentials for http://jenkins-x-chartmuseum:8080 from vault helm/repos
Successfully added Helm repository jenkins-x-chartmuseum.
WARNING: No $CHART_REPOSITORY defined so using the default value of: http://jenkins-x-chartmuseum:8080
Adding missing Helm repo: chartmuseum.jenkins-x.io http://chartmuseum.jenkins-x.io
WARNING: No secrets found on "helm/repos" due: reading the secret "helm/repos" from vault: no secret "helm/repos" not found in vault
Read credentials for http://chartmuseum.jenkins-x.io from vault helm/repos
Successfully added Helm repository chartmuseum.jenkins-x.io.
